mode: set
github.com/snassiff/volcanoes/cmd/myapp/main.go:12.13,25.30 8 0
github.com/snassiff/volcanoes/cmd/myapp/main.go:25.30,28.3 2 0
github.com/snassiff/volcanoes/cmd/myapp/main.go:28.8,28.39 1 0
github.com/snassiff/volcanoes/cmd/myapp/main.go:28.39,30.3 1 0
github.com/snassiff/volcanoes/cmd/myapp/main.go:30.8,31.80 1 0
github.com/snassiff/volcanoes/cmd/myapp/main.go:33.2,33.36 1 0
github.com/snassiff/volcanoes/internal/app/handler/volcano.go:23.69,25.2 1 0
github.com/snassiff/volcanoes/internal/app/handler/volcano.go:28.55,30.16 2 0
github.com/snassiff/volcanoes/internal/app/handler/volcano.go:30.16,33.3 2 0
github.com/snassiff/volcanoes/internal/app/handler/volcano.go:34.2,34.34 1 0
github.com/snassiff/volcanoes/internal/app/handler/volcano.go:38.53,41.16 3 0
github.com/snassiff/volcanoes/internal/app/handler/volcano.go:41.16,44.3 2 0
github.com/snassiff/volcanoes/internal/app/handler/volcano.go:45.2,45.32 1 0
github.com/snassiff/volcanoes/internal/app/handler/volcano.go:49.56,51.51 2 0
github.com/snassiff/volcanoes/internal/app/handler/volcano.go:51.51,54.40 2 0
github.com/snassiff/volcanoes/internal/app/handler/volcano.go:54.40,57.39 2 0
github.com/snassiff/volcanoes/internal/app/handler/volcano.go:57.39,60.5 1 0
github.com/snassiff/volcanoes/internal/app/handler/volcano.go:61.4,62.10 2 0
github.com/snassiff/volcanoes/internal/app/handler/volcano.go:66.3,67.9 2 0
github.com/snassiff/volcanoes/internal/app/handler/volcano.go:69.2,70.56 2 0
github.com/snassiff/volcanoes/internal/app/handler/volcano.go:70.56,73.3 2 0
github.com/snassiff/volcanoes/internal/app/handler/volcano.go:73.8,76.3 2 0
github.com/snassiff/volcanoes/internal/app/handler/volcano.go:77.2,77.58 1 0
github.com/snassiff/volcanoes/internal/app/handler/volcano.go:77.58,80.3 2 0
github.com/snassiff/volcanoes/internal/app/handler/volcano.go:81.2,81.37 1 0
github.com/snassiff/volcanoes/internal/app/service.go:15.71,17.2 1 1
github.com/snassiff/volcanoes/internal/app/service.go:19.67,21.2 1 1
github.com/snassiff/volcanoes/internal/app/service.go:23.75,25.2 1 0
github.com/snassiff/volcanoes/internal/app/service.go:27.71,28.26 1 1
github.com/snassiff/volcanoes/internal/app/service.go:28.26,30.3 1 0
github.com/snassiff/volcanoes/internal/app/service.go:31.2,31.31 1 1
github.com/snassiff/volcanoes/internal/app/service.go:34.71,36.2 1 0
github.com/snassiff/volcanoes/internal/app/service.go:38.55,40.2 1 0
github.com/snassiff/volcanoes/internal/infrastructure/config/config.go:13.23,21.16 5 0
github.com/snassiff/volcanoes/internal/infrastructure/config/config.go:21.16,23.3 1 0
github.com/snassiff/volcanoes/internal/infrastructure/config/config.go:24.2,24.11 1 0
github.com/snassiff/volcanoes/internal/infrastructure/config/env.go:25.20,27.2 1 0
github.com/snassiff/volcanoes/internal/infrastructure/config/env.go:30.32,34.34 2 0
github.com/snassiff/volcanoes/internal/infrastructure/config/env.go:34.34,36.3 1 0
github.com/snassiff/volcanoes/internal/infrastructure/config/env.go:39.2,39.38 1 0
github.com/snassiff/volcanoes/internal/infrastructure/config/env.go:39.38,45.21 4 0
github.com/snassiff/volcanoes/internal/infrastructure/config/env.go:45.21,46.12 1 0
github.com/snassiff/volcanoes/internal/infrastructure/config/env.go:50.3,51.28 2 0
github.com/snassiff/volcanoes/internal/infrastructure/config/env.go:51.28,52.12 1 0
github.com/snassiff/volcanoes/internal/infrastructure/config/env.go:56.3,57.39 2 0
github.com/snassiff/volcanoes/internal/infrastructure/config/env.go:57.39,59.4 1 0
github.com/snassiff/volcanoes/internal/infrastructure/config/env.go:61.2,61.12 1 0
github.com/snassiff/volcanoes/internal/infrastructure/config/env.go:65.41,67.21 2 0
github.com/snassiff/volcanoes/internal/infrastructure/config/env.go:67.21,69.3 1 0
github.com/snassiff/volcanoes/internal/infrastructure/config/env.go:70.2,70.37 1 0
github.com/snassiff/volcanoes/internal/infrastructure/config/env.go:74.56,75.32 1 0
github.com/snassiff/volcanoes/internal/infrastructure/config/env.go:75.32,76.17 1 0
github.com/snassiff/volcanoes/internal/infrastructure/config/env.go:76.17,78.4 1 0
github.com/snassiff/volcanoes/internal/infrastructure/config/env.go:80.2,80.14 1 0
github.com/snassiff/volcanoes/internal/infrastructure/config/env.go:84.21,86.16 2 0
github.com/snassiff/volcanoes/internal/infrastructure/config/env.go:86.16,88.3 1 0
github.com/snassiff/volcanoes/internal/infrastructure/config/env.go:90.2,100.37 9 0
github.com/snassiff/volcanoes/internal/infrastructure/config/env.go:100.37,101.62 1 0
github.com/snassiff/volcanoes/internal/infrastructure/db/volcano_repository.go:32.69,34.2 1 1
github.com/snassiff/volcanoes/internal/infrastructure/db/volcano_repository.go:36.69,40.2 3 0
github.com/snassiff/volcanoes/internal/infrastructure/db/volcano_repository.go:42.76,45.16 3 1
github.com/snassiff/volcanoes/internal/infrastructure/db/volcano_repository.go:45.16,47.3 1 0
github.com/snassiff/volcanoes/internal/infrastructure/db/volcano_repository.go:48.2,48.22 1 1
github.com/snassiff/volcanoes/internal/infrastructure/db/volcano_repository.go:51.71,53.2 1 1
github.com/snassiff/volcanoes/internal/infrastructure/db/volcano_repository.go:55.71,57.2 1 0
github.com/snassiff/volcanoes/internal/infrastructure/db/volcano_repository.go:59.55,61.2 1 0
